  main.c
C:\Users\김예원\source\repos\Splender_add_rule\main.c(45,37): warning C4047: '==': 'int *'의 간접 참조 수준이 'int'과(와) 다릅니다.
C:\Users\김예원\source\repos\Splender_add_rule\main.c(52,63): warning C4047: '>=': 'int *'의 간접 참조 수준이 'int'과(와) 다릅니다.
C:\Users\김예원\source\repos\Splender_add_rule\main.c(54,62): warning C4047: '>=': 'int *'의 간접 참조 수준이 'int'과(와) 다릅니다.
C:\Users\김예원\source\repos\Splender_add_rule\main.c(56,61): warning C4047: '>=': 'int *'의 간접 참조 수준이 'int'과(와) 다릅니다.
C:\Users\김예원\source\repos\Splender_add_rule\main.c(58,63): warning C4047: '>=': 'int *'의 간접 참조 수준이 'int'과(와) 다릅니다.
C:\Users\김예원\source\repos\Splender_add_rule\main.c(60,63): warning C4047: '>=': 'int *'의 간접 참조 수준이 'int'과(와) 다릅니다.
C:\Users\김예원\source\repos\Splender_add_rule\main.c(78,56): warning C4554: '&': 연산자 우선 순위에 오류가 있는지 확인하세요. 괄호를 사용하여 우선 순위를 명확하게 지정하세요.
C:\Users\김예원\source\repos\Splender_add_rule\main.c(101,36): warning C4047: '>=': 'int *'의 간접 참조 수준이 'int'과(와) 다릅니다.
C:\Users\김예원\source\repos\Splender_add_rule\main.c(103,16): warning C4477: 'printf' : 서식 문자열 '%d'에 'int' 형식의 인수가 필요하지만 variadic 인수 2의 형식이 'int *'입니다.
C:\Users\김예원\source\repos\Splender_add_rule\main.c(276,21): warning C4244: '함수': 'time_t'에서 'unsigned int'(으)로 변환하면서 데이터가 손실될 수 있습니다.
C:\Users\김예원\source\repos\Splender_add_rule\main.c(363,29): warning C4047: '함수': 'int *(*)[7]'의 간접 참조 수준이 'int [4][7]'과(와) 다릅니다.
C:\Users\김예원\source\repos\Splender_add_rule\main.c(363,18): warning C4024: 'rule': 형식 및 실제 매개 변수 1의 형식이 서로 다릅니다.
C:\Users\김예원\source\repos\Splender_add_rule\main.c(363,44): warning C4047: '함수': 'int *(*)[6]'의 간접 참조 수준이 'int [4][6]'과(와) 다릅니다.
C:\Users\김예원\source\repos\Splender_add_rule\main.c(363,31): warning C4024: 'rule': 형식 및 실제 매개 변수 2의 형식이 서로 다릅니다.
C:\Users\김예원\source\repos\Splender_add_rule\main.c(364,40): warning C4047: '함수': 'int *(*)[7]'의 간접 참조 수준이 'int [4][7]'과(와) 다릅니다.
C:\Users\김예원\source\repos\Splender_add_rule\main.c(364,29): warning C4024: 'check_score': 형식 및 실제 매개 변수 1의 형식이 서로 다릅니다.
C:\Users\김예원\source\repos\Splender_add_rule\main.c(403,44): warning C4047: '<': 'int *'의 간접 참조 수준이 'int'과(와) 다릅니다.
C:\Users\김예원\source\repos\Splender_add_rule\main.c(405,44): warning C4047: '=': 'int *'의 간접 참조 수준이 'int'과(와) 다릅니다.
C:\Users\김예원\source\repos\Splender_add_rule\main.c(407,50): warning C4047: '==': 'int *'의 간접 참조 수준이 'int'과(와) 다릅니다.
C:\Users\김예원\source\repos\Splender_add_rule\main.c(416,44): warning C4047: '=': 'int *'의 간접 참조 수준이 'int'과(와) 다릅니다.
C:\Users\김예원\source\repos\Splender_add_rule\main.c(420,48): warning C4047: '=': 'int *'의 간접 참조 수준이 'int'과(와) 다릅니다.
C:\Users\김예원\source\repos\Splender_add_rule\main.c(402,1): warning C4047: '초기화 중': 'int *'의 간접 참조 수준이 'int (*)[7]'과(와) 다릅니다.
C:\Users\김예원\source\repos\Splender_add_rule\main.c(32): warning C4716: 'choice3': 값을 반환해야 합니다.
  Splender_add_rule.vcxproj -> C:\Users\김예원\source\repos\Splender_add_rule\Debug\Splender_add_rule.exe
