  SDSD.c
C:\Users\user\source\repos\Project140\Project140\SDSD.c(45,37): warning C4047: '==': 'int *'의 간접 참조 수준이 'int'과(와) 다릅니다.
C:\Users\user\source\repos\Project140\Project140\SDSD.c(52,63): warning C4047: '>=': 'int *'의 간접 참조 수준이 'int'과(와) 다릅니다.
C:\Users\user\source\repos\Project140\Project140\SDSD.c(54,62): warning C4047: '>=': 'int *'의 간접 참조 수준이 'int'과(와) 다릅니다.
C:\Users\user\source\repos\Project140\Project140\SDSD.c(56,61): warning C4047: '>=': 'int *'의 간접 참조 수준이 'int'과(와) 다릅니다.
C:\Users\user\source\repos\Project140\Project140\SDSD.c(58,63): warning C4047: '>=': 'int *'의 간접 참조 수준이 'int'과(와) 다릅니다.
C:\Users\user\source\repos\Project140\Project140\SDSD.c(60,63): warning C4047: '>=': 'int *'의 간접 참조 수준이 'int'과(와) 다릅니다.
C:\Users\user\source\repos\Project140\Project140\SDSD.c(78,56): warning C4554: '&': 연산자 우선 순위에 오류가 있는지 확인하세요. 괄호를 사용하여 우선 순위를 명확하게 지정하세요.
C:\Users\user\source\repos\Project140\Project140\SDSD.c(101,36): warning C4047: '>=': 'int *'의 간접 참조 수준이 'int'과(와) 다릅니다.
C:\Users\user\source\repos\Project140\Project140\SDSD.c(103,16): warning C4477: 'printf' : 서식 문자열 '%d'에 'int' 형식의 인수가 필요하지만 variadic 인수 2의 형식이 'int *'입니다.
C:\Users\user\source\repos\Project140\Project140\SDSD.c(358,21): warning C4244: '함수': 'time_t'에서 'unsigned int'(으)로 변환하면서 데이터가 손실될 수 있습니다.
C:\Users\user\source\repos\Project140\Project140\SDSD.c(459,29): warning C4047: '함수': 'int *(*)[7]'의 간접 참조 수준이 'int [4][7]'과(와) 다릅니다.
C:\Users\user\source\repos\Project140\Project140\SDSD.c(459,29): warning C4024: 'rule': 형식 및 실제 매개 변수 1의 형식이 서로 다릅니다.
C:\Users\user\source\repos\Project140\Project140\SDSD.c(459,44): warning C4047: '함수': 'int *(*)[6]'의 간접 참조 수준이 'int [4][6]'과(와) 다릅니다.
C:\Users\user\source\repos\Project140\Project140\SDSD.c(459,44): warning C4024: 'rule': 형식 및 실제 매개 변수 2의 형식이 서로 다릅니다.
C:\Users\user\source\repos\Project140\Project140\SDSD.c(460,40): warning C4047: '함수': 'int *(*)[7]'의 간접 참조 수준이 'int [4][7]'과(와) 다릅니다.
C:\Users\user\source\repos\Project140\Project140\SDSD.c(460,40): warning C4024: 'check_score': 형식 및 실제 매개 변수 1의 형식이 서로 다릅니다.
C:\Users\user\source\repos\Project140\Project140\SDSD.c(499,44): warning C4047: '<': 'int *'의 간접 참조 수준이 'int'과(와) 다릅니다.
C:\Users\user\source\repos\Project140\Project140\SDSD.c(501,44): warning C4047: '=': 'int *'의 간접 참조 수준이 'int'과(와) 다릅니다.
C:\Users\user\source\repos\Project140\Project140\SDSD.c(503,50): warning C4047: '==': 'int *'의 간접 참조 수준이 'int'과(와) 다릅니다.
C:\Users\user\source\repos\Project140\Project140\SDSD.c(512,44): warning C4047: '=': 'int *'의 간접 참조 수준이 'int'과(와) 다릅니다.
C:\Users\user\source\repos\Project140\Project140\SDSD.c(516,48): warning C4047: '=': 'int *'의 간접 참조 수준이 'int'과(와) 다릅니다.
C:\Users\user\source\repos\Project140\Project140\SDSD.c(498,1): warning C4047: '초기화 중': 'int *'의 간접 참조 수준이 'int (*)[7]'과(와) 다릅니다.
C:\Users\user\source\repos\Project140\Project140\SDSD.c(32): warning C4716: 'choice3': 값을 반환해야 합니다.
  Project140.vcxproj -> C:\Users\user\source\repos\Project140\Debug\Project140.exe
